The target system is: Generic -  - 
The host system is: Darwin - 21.4.0 - x86_64
Compiling the C compiler identification source file "CMakeCCompilerId.c" succeeded.
Compiler: /Users/ksdyb/.platformio/packages/toolchain-xtensa32/bin/xtensa-esp32-elf-gcc 
Build flags: -mlongcalls;-Wno-frame-address
Id flags:  

The output was:
0


Compilation of the C compiler identification source "CMakeCCompilerId.c" produced "a.out"

The C compiler identification is GNU, found in "/Users/ksdyb/Documents/iot/iot-analytics-for-thermometer/aws-iot-thermometer/.pio/build/core2foraws/bootloader/CMakeFiles/3.16.4/CompilerIdC/a.out"

Compiling the CXX compiler identification source file "CMakeCXXCompilerId.cpp" succeeded.
Compiler: /Users/ksdyb/.platformio/packages/toolchain-xtensa32/bin/xtensa-esp32-elf-g++ 
Build flags: -mlongcalls;-Wno-frame-address
Id flags:  

The output was:
0


Compilation of the CXX compiler identification source "CMakeCXXCompilerId.cpp" produced "a.out"

The CXX compiler identification is GNU, found in "/Users/ksdyb/Documents/iot/iot-analytics-for-thermometer/aws-iot-thermometer/.pio/build/core2foraws/bootloader/CMakeFiles/3.16.4/CompilerIdCXX/a.out"

Checking whether the ASM compiler is GNU using "--version" matched "(GNU assembler)|(GCC)|(Free Software Foundation)":
xtensa-esp32-elf-gcc (crosstool-NG esp-2020r3) 8.4.0
Copyright (C) 2018 Free Software Foundation, Inc.
This is free software; see the source for copying conditions.  There is NO
warranty; not even for MERCHANTABILITY or FITNESS FOR A PARTICULAR PURPOSE.

Determining if the C compiler works passed with the following output:
Change Dir: /Users/ksdyb/Documents/iot/iot-analytics-for-thermometer/aws-iot-thermometer/.pio/build/core2foraws/bootloader/CMakeFiles/CMakeTmp

Run Build Command(s):/Users/ksdyb/.platformio/packages/tool-ninja/ninja cmTC_6d7c4 && [1/2] Building C object CMakeFiles/cmTC_6d7c4.dir/testCCompiler.c.obj
[2/2] Linking C executable cmTC_6d7c4



Detecting C compiler ABI info compiled with the following output:
Change Dir: /Users/ksdyb/Documents/iot/iot-analytics-for-thermometer/aws-iot-thermometer/.pio/build/core2foraws/bootloader/CMakeFiles/CMakeTmp

Run Build Command(s):/Users/ksdyb/.platformio/packages/tool-ninja/ninja cmTC_3819c && [1/2] Building C object CMakeFiles/cmTC_3819c.dir/CMakeCCompilerABI.c.obj
Using built-in specs.
COLLECT_GCC=/Users/ksdyb/.platformio/packages/toolchain-xtensa32/bin/xtensa-esp32-elf-gcc
Target: xtensa-esp32-elf
Configured with: /builds/idf/crosstool-NG/.build/HOST-x86_64-apple-darwin12/xtensa-esp32-elf/src/gcc/configure --build=x86_64-build_pc-linux-gnu --host=x86_64-host_apple-darwin12 --target=xtensa-esp32-elf --prefix=/builds/idf/crosstool-NG/builds/xtensa-esp32-elf --with-local-prefix=/builds/idf/crosstool-NG/builds/xtensa-esp32-elf/xtensa-esp32-elf --with-headers=/builds/idf/crosstool-NG/builds/xtensa-esp32-elf/xtensa-esp32-elf/include --with-newlib --enable-threads=no --disable-shared --with-pkgversion='crosstool-NG esp-2020r3' --disable-__cxa_atexit --enable-cxx-flags=-ffunction-sections --disable-libgomp --disable-libmudflap --disable-libmpx --disable-libssp --disable-libquadmath --disable-libquadmath-support --with-gmp=/builds/idf/crosstool-NG/.build/HOST-x86_64-apple-darwin12/xtensa-esp32-elf/buildtools/complibs-host --with-mpfr=/builds/idf/crosstool-NG/.build/HOST-x86_64-apple-darwin12/xtensa-esp32-elf/buildtools/complibs-host --with-mpc=/builds/idf/crosstool-NG/.build/HOST-x86_64-apple-darwin12/xtensa-esp32-elf/buildtools/complibs-host --with-isl=/builds/idf/crosstool-NG/.build/HOST-x86_64-apple-darwin12/xtensa-esp32-elf/buildtools/complibs-host --enable-lto --enable-target-optspace --without-long-double-128 --disable-nls --enable-multiarch --enable-languages=c,c++ --disable-libstdcxx-verbose --enable-threads=posix --enable-gcov-custom-rtio --enable-libstdcxx-time=yes
Thread model: posix
gcc version 8.4.0 (crosstool-NG esp-2020r3) 
COLLECT_GCC_OPTIONS='-mlongcalls' '-Wno-frame-address' '-v' '-o' 'CMakeFiles/cmTC_3819c.dir/CMakeCCompilerABI.c.obj' '-c'
 /Users/ksdyb/.platformio/packages/toolchain-xtensa32/bin/../libexec/gcc/xtensa-esp32-elf/8.4.0/cc1 -quiet -v -iprefix /Users/ksdyb/.platformio/packages/toolchain-xtensa32/bin/../lib/gcc/xtensa-esp32-elf/8.4.0/ /Users/ksdyb/.platformio/packages/tool-cmake/share/cmake-3.16/Modules/CMakeCCompilerABI.c -quiet -dumpbase CMakeCCompilerABI.c -mlongcalls -auxbase-strip CMakeFiles/cmTC_3819c.dir/CMakeCCompilerABI.c.obj -Wno-frame-address -version -o /var/folders/4m/611jh1c17vqckzxmy00tjpt80000gr/T//ccKvkkrd.s
GNU C17 (crosstool-NG esp-2020r3) version 8.4.0 (xtensa-esp32-elf)
	compiled by GNU C version 8.3.0, GMP version 6.1.2, MPFR version 4.0.1, MPC version 1.1.0, isl version isl-0.19-GMP

GGC heuristics: --param ggc-min-expand=100 --param ggc-min-heapsize=131072
ignoring duplicate directory "/Users/ksdyb/.platformio/packages/toolchain-xtensa32/bin/../lib/gcc/../../lib/gcc/xtensa-esp32-elf/8.4.0/include"
ignoring duplicate directory "/Users/ksdyb/.platformio/packages/toolchain-xtensa32/bin/../lib/gcc/../../lib/gcc/xtensa-esp32-elf/8.4.0/include-fixed"
ignoring duplicate directory "/Users/ksdyb/.platformio/packages/toolchain-xtensa32/bin/../lib/gcc/../../lib/gcc/xtensa-esp32-elf/8.4.0/../../../../xtensa-esp32-elf/sys-include"
ignoring duplicate directory "/Users/ksdyb/.platformio/packages/toolchain-xtensa32/bin/../lib/gcc/../../lib/gcc/xtensa-esp32-elf/8.4.0/../../../../xtensa-esp32-elf/include"
#include "..." search starts here:
#include <...> search starts here:
 /Users/ksdyb/.platformio/packages/toolchain-xtensa32/bin/../lib/gcc/xtensa-esp32-elf/8.4.0/include
 /Users/ksdyb/.platformio/packages/toolchain-xtensa32/bin/../lib/gcc/xtensa-esp32-elf/8.4.0/include-fixed
 /Users/ksdyb/.platformio/packages/toolchain-xtensa32/bin/../lib/gcc/xtensa-esp32-elf/8.4.0/../../../../xtensa-esp32-elf/sys-include
 /Users/ksdyb/.platformio/packages/toolchain-xtensa32/bin/../lib/gcc/xtensa-esp32-elf/8.4.0/../../../../xtensa-esp32-elf/include
End of search list.
GNU C17 (crosstool-NG esp-2020r3) version 8.4.0 (xtensa-esp32-elf)
	compiled by GNU C version 8.3.0, GMP version 6.1.2, MPFR version 4.0.1, MPC version 1.1.0, isl version isl-0.19-GMP

GGC heuristics: --param ggc-min-expand=100 --param ggc-min-heapsize=131072
Compiler executable checksum: 6f9d1ed4db057ccf3b411243acad4561
COLLECT_GCC_OPTIONS='-mlongcalls' '-Wno-frame-address' '-v' '-o' 'CMakeFiles/cmTC_3819c.dir/CMakeCCompilerABI.c.obj' '-c'
 /Users/ksdyb/.platformio/packages/toolchain-xtensa32/bin/../lib/gcc/xtensa-esp32-elf/8.4.0/../../../../xtensa-esp32-elf/bin/as --traditional-format --longcalls -o CMakeFiles/cmTC_3819c.dir/CMakeCCompilerABI.c.obj /var/folders/4m/611jh1c17vqckzxmy00tjpt80000gr/T//ccKvkkrd.s
COMPILER_PATH=/Users/ksdyb/.platformio/packages/toolchain-xtensa32/bin/../libexec/gcc/xtensa-esp32-elf/8.4.0/:/Users/ksdyb/.platformio/packages/toolchain-xtensa32/bin/../libexec/gcc/:/Users/ksdyb/.platformio/packages/toolchain-xtensa32/bin/../lib/gcc/xtensa-esp32-elf/8.4.0/../../../../xtensa-esp32-elf/bin/
LIBRARY_PATH=/Users/ksdyb/.platformio/packages/toolchain-xtensa32/bin/../lib/gcc/xtensa-esp32-elf/8.4.0/:/Users/ksdyb/.platformio/packages/toolchain-xtensa32/bin/../lib/gcc/:/Users/ksdyb/.platformio/packages/toolchain-xtensa32/bin/../lib/gcc/xtensa-esp32-elf/8.4.0/../../../../xtensa-esp32-elf/lib/
COLLECT_GCC_OPTIONS='-mlongcalls' '-Wno-frame-address' '-v' '-o' 'CMakeFiles/cmTC_3819c.dir/CMakeCCompilerABI.c.obj' '-c'
[2/2] Linking C executable cmTC_3819c
Using built-in specs.
COLLECT_GCC=/Users/ksdyb/.platformio/packages/toolchain-xtensa32/bin/xtensa-esp32-elf-gcc
COLLECT_LTO_WRAPPER=/Users/ksdyb/.platformio/packages/toolchain-xtensa32/bin/../libexec/gcc/xtensa-esp32-elf/8.4.0/lto-wrapper
Target: xtensa-esp32-elf
Configured with: /builds/idf/crosstool-NG/.build/HOST-x86_64-apple-darwin12/xtensa-esp32-elf/src/gcc/configure --build=x86_64-build_pc-linux-gnu --host=x86_64-host_apple-darwin12 --target=xtensa-esp32-elf --prefix=/builds/idf/crosstool-NG/builds/xtensa-esp32-elf --with-local-prefix=/builds/idf/crosstool-NG/builds/xtensa-esp32-elf/xtensa-esp32-elf --with-headers=/builds/idf/crosstool-NG/builds/xtensa-esp32-elf/xtensa-esp32-elf/include --with-newlib --enable-threads=no --disable-shared --with-pkgversion='crosstool-NG esp-2020r3' --disable-__cxa_atexit --enable-cxx-flags=-ffunction-sections --disable-libgomp --disable-libmudflap --disable-libmpx --disable-libssp --disable-libquadmath --disable-libquadmath-support --with-gmp=/builds/idf/crosstool-NG/.build/HOST-x86_64-apple-darwin12/xtensa-esp32-elf/buildtools/complibs-host --with-mpfr=/builds/idf/crosstool-NG/.build/HOST-x86_64-apple-darwin12/xtensa-esp32-elf/buildtools/complibs-host --with-mpc=/builds/idf/crosstool-NG/.build/HOST-x86_64-apple-darwin12/xtensa-esp32-elf/buildtools/complibs-host --with-isl=/builds/idf/crosstool-NG/.build/HOST-x86_64-apple-darwin12/xtensa-esp32-elf/buildtools/complibs-host --enable-lto --enable-target-optspace --without-long-double-128 --disable-nls --enable-multiarch --enable-languages=c,c++ --disable-libstdcxx-verbose --enable-threads=posix --enable-gcov-custom-rtio --enable-libstdcxx-time=yes
Thread model: posix
gcc version 8.4.0 (crosstool-NG esp-2020r3) 
COMPILER_PATH=/Users/ksdyb/.platformio/packages/toolchain-xtensa32/bin/../libexec/gcc/xtensa-esp32-elf/8.4.0/:/Users/ksdyb/.platformio/packages/toolchain-xtensa32/bin/../libexec/gcc/:/Users/ksdyb/.platformio/packages/toolchain-xtensa32/bin/../lib/gcc/xtensa-esp32-elf/8.4.0/../../../../xtensa-esp32-elf/bin/
LIBRARY_PATH=/Users/ksdyb/.platformio/packages/toolchain-xtensa32/bin/../lib/gcc/xtensa-esp32-elf/8.4.0/:/Users/ksdyb/.platformio/packages/toolchain-xtensa32/bin/../lib/gcc/:/Users/ksdyb/.platformio/packages/toolchain-xtensa32/bin/../lib/gcc/xtensa-esp32-elf/8.4.0/../../../../xtensa-esp32-elf/lib/
COLLECT_GCC_OPTIONS='-mlongcalls' '-Wno-frame-address' '-v' '-o' 'cmTC_3819c'
 /Users/ksdyb/.platformio/packages/toolchain-xtensa32/bin/../libexec/gcc/xtensa-esp32-elf/8.4.0/collect2 -plugin /Users/ksdyb/.platformio/packages/toolchain-xtensa32/bin/../libexec/gcc/xtensa-esp32-elf/8.4.0/liblto_plugin.so -plugin-opt=/Users/ksdyb/.platformio/packages/toolchain-xtensa32/bin/../libexec/gcc/xtensa-esp32-elf/8.4.0/lto-wrapper -plugin-opt=-fresolution=/var/folders/4m/611jh1c17vqckzxmy00tjpt80000gr/T//cccrJygZ.res -plugin-opt=-pass-through=-lgcc -plugin-opt=-pass-through=-lc -plugin-opt=-pass-through=-lnosys -plugin-opt=-pass-through=-lc -plugin-opt=-pass-through=-lgcc -o cmTC_3819c /Users/ksdyb/.platformio/packages/toolchain-xtensa32/bin/../lib/gcc/xtensa-esp32-elf/8.4.0/../../../../xtensa-esp32-elf/lib/crt0.o /Users/ksdyb/.platformio/packages/toolchain-xtensa32/bin/../lib/gcc/xtensa-esp32-elf/8.4.0/crti.o /Users/ksdyb/.platformio/packages/toolchain-xtensa32/bin/../lib/gcc/xtensa-esp32-elf/8.4.0/crtbegin.o -L/Users/ksdyb/.platformio/packages/toolchain-xtensa32/bin/../lib/gcc/xtensa-esp32-elf/8.4.0 -L/Users/ksdyb/.platformio/packages/toolchain-xtensa32/bin/../lib/gcc -L/Users/ksdyb/.platformio/packages/toolchain-xtensa32/bin/../lib/gcc/xtensa-esp32-elf/8.4.0/../../../../xtensa-esp32-elf/lib CMakeFiles/cmTC_3819c.dir/CMakeCCompilerABI.c.obj -lgcc -lc -lnosys -lc -lgcc /Users/ksdyb/.platformio/packages/toolchain-xtensa32/bin/../lib/gcc/xtensa-esp32-elf/8.4.0/crtend.o /Users/ksdyb/.platformio/packages/toolchain-xtensa32/bin/../lib/gcc/xtensa-esp32-elf/8.4.0/crtn.o
COLLECT_GCC_OPTIONS='-mlongcalls' '-Wno-frame-address' '-v' '-o' 'cmTC_3819c'



Parsed C implicit include dir info from above output: rv=done
  found start of include info
  found start of implicit include info
    add: [/Users/ksdyb/.platformio/packages/toolchain-xtensa32/bin/../lib/gcc/xtensa-esp32-elf/8.4.0/include]
    add: [/Users/ksdyb/.platformio/packages/toolchain-xtensa32/bin/../lib/gcc/xtensa-esp32-elf/8.4.0/include-fixed]
    add: [/Users/ksdyb/.platformio/packages/toolchain-xtensa32/bin/../lib/gcc/xtensa-esp32-elf/8.4.0/../../../../xtensa-esp32-elf/sys-include]
    add: [/Users/ksdyb/.platformio/packages/toolchain-xtensa32/bin/../lib/gcc/xtensa-esp32-elf/8.4.0/../../../../xtensa-esp32-elf/include]
  end of search list found
  collapse include dir [/Users/ksdyb/.platformio/packages/toolchain-xtensa32/bin/../lib/gcc/xtensa-esp32-elf/8.4.0/include] ==> [/Users/ksdyb/.platformio/packages/toolchain-xtensa32/lib/gcc/xtensa-esp32-elf/8.4.0/include]
  collapse include dir [/Users/ksdyb/.platformio/packages/toolchain-xtensa32/bin/../lib/gcc/xtensa-esp32-elf/8.4.0/include-fixed] ==> [/Users/ksdyb/.platformio/packages/toolchain-xtensa32/lib/gcc/xtensa-esp32-elf/8.4.0/include-fixed]
  collapse include dir [/Users/ksdyb/.platformio/packages/toolchain-xtensa32/bin/../lib/gcc/xtensa-esp32-elf/8.4.0/../../../../xtensa-esp32-elf/sys-include] ==> [/Users/ksdyb/.platformio/packages/toolchain-xtensa32/xtensa-esp32-elf/sys-include]
  collapse include dir [/Users/ksdyb/.platformio/packages/toolchain-xtensa32/bin/../lib/gcc/xtensa-esp32-elf/8.4.0/../../../../xtensa-esp32-elf/include] ==> [/Users/ksdyb/.platformio/packages/toolchain-xtensa32/xtensa-esp32-elf/include]
  implicit include dirs: [/Users/ksdyb/.platformio/packages/toolchain-xtensa32/lib/gcc/xtensa-esp32-elf/8.4.0/include;/Users/ksdyb/.platformio/packages/toolchain-xtensa32/lib/gcc/xtensa-esp32-elf/8.4.0/include-fixed;/Users/ksdyb/.platformio/packages/toolchain-xtensa32/xtensa-esp32-elf/sys-include;/Users/ksdyb/.platformio/packages/toolchain-xtensa32/xtensa-esp32-elf/include]


Parsed C implicit link information from above output:
  link line regex: [^( *|.*[/\])(xtensa-esp32-elf-ld|CMAKE_LINK_STARTFILE-NOTFOUND|([^/\]+-)?ld|collect2)[^/\]*( |$)]
  ignore line: [Change Dir: /Users/ksdyb/Documents/iot/iot-analytics-for-thermometer/aws-iot-thermometer/.pio/build/core2foraws/bootloader/CMakeFiles/CMakeTmp]
  ignore line: []
  ignore line: [Run Build Command(s):/Users/ksdyb/.platformio/packages/tool-ninja/ninja cmTC_3819c && [1/2] Building C object CMakeFiles/cmTC_3819c.dir/CMakeCCompilerABI.c.obj]
  ignore line: [Using built-in specs.]
  ignore line: [COLLECT_GCC=/Users/ksdyb/.platformio/packages/toolchain-xtensa32/bin/xtensa-esp32-elf-gcc]
  ignore line: [Target: xtensa-esp32-elf]
  ignore line: [Configured with: /builds/idf/crosstool-NG/.build/HOST-x86_64-apple-darwin12/xtensa-esp32-elf/src/gcc/configure --build=x86_64-build_pc-linux-gnu --host=x86_64-host_apple-darwin12 --target=xtensa-esp32-elf --prefix=/builds/idf/crosstool-NG/builds/xtensa-esp32-elf --with-local-prefix=/builds/idf/crosstool-NG/builds/xtensa-esp32-elf/xtensa-esp32-elf --with-headers=/builds/idf/crosstool-NG/builds/xtensa-esp32-elf/xtensa-esp32-elf/include --with-newlib --enable-threads=no --disable-shared --with-pkgversion='crosstool-NG esp-2020r3' --disable-__cxa_atexit --enable-cxx-flags=-ffunction-sections --disable-libgomp --disable-libmudflap --disable-libmpx --disable-libssp --disable-libquadmath --disable-libquadmath-support --with-gmp=/builds/idf/crosstool-NG/.build/HOST-x86_64-apple-darwin12/xtensa-esp32-elf/buildtools/complibs-host --with-mpfr=/builds/idf/crosstool-NG/.build/HOST-x86_64-apple-darwin12/xtensa-esp32-elf/buildtools/complibs-host --with-mpc=/builds/idf/crosstool-NG/.build/HOST-x86_64-apple-darwin12/xtensa-esp32-elf/buildtools/complibs-host --with-isl=/builds/idf/crosstool-NG/.build/HOST-x86_64-apple-darwin12/xtensa-esp32-elf/buildtools/complibs-host --enable-lto --enable-target-optspace --without-long-double-128 --disable-nls --enable-multiarch --enable-languages=c c++ --disable-libstdcxx-verbose --enable-threads=posix --enable-gcov-custom-rtio --enable-libstdcxx-time=yes]
  ignore line: [Thread model: posix]
  ignore line: [gcc version 8.4.0 (crosstool-NG esp-2020r3) ]
  ignore line: [COLLECT_GCC_OPTIONS='-mlongcalls' '-Wno-frame-address' '-v' '-o' 'CMakeFiles/cmTC_3819c.dir/CMakeCCompilerABI.c.obj' '-c']
  ignore line: [ /Users/ksdyb/.platformio/packages/toolchain-xtensa32/bin/../libexec/gcc/xtensa-esp32-elf/8.4.0/cc1 -quiet -v -iprefix /Users/ksdyb/.platformio/packages/toolchain-xtensa32/bin/../lib/gcc/xtensa-esp32-elf/8.4.0/ /Users/ksdyb/.platformio/packages/tool-cmake/share/cmake-3.16/Modules/CMakeCCompilerABI.c -quiet -dumpbase CMakeCCompilerABI.c -mlongcalls -auxbase-strip CMakeFiles/cmTC_3819c.dir/CMakeCCompilerABI.c.obj -Wno-frame-address -version -o /var/folders/4m/611jh1c17vqckzxmy00tjpt80000gr/T//ccKvkkrd.s]
  ignore line: [GNU C17 (crosstool-NG esp-2020r3) version 8.4.0 (xtensa-esp32-elf)]
  ignore line: [	compiled by GNU C version 8.3.0  GMP version 6.1.2  MPFR version 4.0.1  MPC version 1.1.0  isl version isl-0.19-GMP]
  ignore line: []
  ignore line: [GGC heuristics: --param ggc-min-expand=100 --param ggc-min-heapsize=131072]
  ignore line: [ignoring duplicate directory "/Users/ksdyb/.platformio/packages/toolchain-xtensa32/bin/../lib/gcc/../../lib/gcc/xtensa-esp32-elf/8.4.0/include"]
  ignore line: [ignoring duplicate directory "/Users/ksdyb/.platformio/packages/toolchain-xtensa32/bin/../lib/gcc/../../lib/gcc/xtensa-esp32-elf/8.4.0/include-fixed"]
  ignore line: [ignoring duplicate directory "/Users/ksdyb/.platformio/packages/toolchain-xtensa32/bin/../lib/gcc/../../lib/gcc/xtensa-esp32-elf/8.4.0/../../../../xtensa-esp32-elf/sys-include"]
  ignore line: [ignoring duplicate directory "/Users/ksdyb/.platformio/packages/toolchain-xtensa32/bin/../lib/gcc/../../lib/gcc/xtensa-esp32-elf/8.4.0/../../../../xtensa-esp32-elf/include"]
  ignore line: [#include "..." search starts here:]
  ignore line: [#include <...> search starts here:]
  ignore line: [ /Users/ksdyb/.platformio/packages/toolchain-xtensa32/bin/../lib/gcc/xtensa-esp32-elf/8.4.0/include]
  ignore line: [ /Users/ksdyb/.platformio/packages/toolchain-xtensa32/bin/../lib/gcc/xtensa-esp32-elf/8.4.0/include-fixed]
  ignore line: [ /Users/ksdyb/.platformio/packages/toolchain-xtensa32/bin/../lib/gcc/xtensa-esp32-elf/8.4.0/../../../../xtensa-esp32-elf/sys-include]
  ignore line: [ /Users/ksdyb/.platformio/packages/toolchain-xtensa32/bin/../lib/gcc/xtensa-esp32-elf/8.4.0/../../../../xtensa-esp32-elf/include]
  ignore line: [End of search list.]
  ignore line: [GNU C17 (crosstool-NG esp-2020r3) version 8.4.0 (xtensa-esp32-elf)]
  ignore line: [	compiled by GNU C version 8.3.0  GMP version 6.1.2  MPFR version 4.0.1  MPC version 1.1.0  isl version isl-0.19-GMP]
  ignore line: []
  ignore line: [GGC heuristics: --param ggc-min-expand=100 --param ggc-min-heapsize=131072]
  ignore line: [Compiler executable checksum: 6f9d1ed4db057ccf3b411243acad4561]
  ignore line: [COLLECT_GCC_OPTIONS='-mlongcalls' '-Wno-frame-address' '-v' '-o' 'CMakeFiles/cmTC_3819c.dir/CMakeCCompilerABI.c.obj' '-c']
  ignore line: [ /Users/ksdyb/.platformio/packages/toolchain-xtensa32/bin/../lib/gcc/xtensa-esp32-elf/8.4.0/../../../../xtensa-esp32-elf/bin/as --traditional-format --longcalls -o CMakeFiles/cmTC_3819c.dir/CMakeCCompilerABI.c.obj /var/folders/4m/611jh1c17vqckzxmy00tjpt80000gr/T//ccKvkkrd.s]
  ignore line: [COMPILER_PATH=/Users/ksdyb/.platformio/packages/toolchain-xtensa32/bin/../libexec/gcc/xtensa-esp32-elf/8.4.0/:/Users/ksdyb/.platformio/packages/toolchain-xtensa32/bin/../libexec/gcc/:/Users/ksdyb/.platformio/packages/toolchain-xtensa32/bin/../lib/gcc/xtensa-esp32-elf/8.4.0/../../../../xtensa-esp32-elf/bin/]
  ignore line: [LIBRARY_PATH=/Users/ksdyb/.platformio/packages/toolchain-xtensa32/bin/../lib/gcc/xtensa-esp32-elf/8.4.0/:/Users/ksdyb/.platformio/packages/toolchain-xtensa32/bin/../lib/gcc/:/Users/ksdyb/.platformio/packages/toolchain-xtensa32/bin/../lib/gcc/xtensa-esp32-elf/8.4.0/../../../../xtensa-esp32-elf/lib/]
  ignore line: [COLLECT_GCC_OPTIONS='-mlongcalls' '-Wno-frame-address' '-v' '-o' 'CMakeFiles/cmTC_3819c.dir/CMakeCCompilerABI.c.obj' '-c']
  ignore line: [[2/2] Linking C executable cmTC_3819c]
  ignore line: [Using built-in specs.]
  ignore line: [COLLECT_GCC=/Users/ksdyb/.platformio/packages/toolchain-xtensa32/bin/xtensa-esp32-elf-gcc]
  ignore line: [COLLECT_LTO_WRAPPER=/Users/ksdyb/.platformio/packages/toolchain-xtensa32/bin/../libexec/gcc/xtensa-esp32-elf/8.4.0/lto-wrapper]
  ignore line: [Target: xtensa-esp32-elf]
  ignore line: [Configured with: /builds/idf/crosstool-NG/.build/HOST-x86_64-apple-darwin12/xtensa-esp32-elf/src/gcc/configure --build=x86_64-build_pc-linux-gnu --host=x86_64-host_apple-darwin12 --target=xtensa-esp32-elf --prefix=/builds/idf/crosstool-NG/builds/xtensa-esp32-elf --with-local-prefix=/builds/idf/crosstool-NG/builds/xtensa-esp32-elf/xtensa-esp32-elf --with-headers=/builds/idf/crosstool-NG/builds/xtensa-esp32-elf/xtensa-esp32-elf/include --with-newlib --enable-threads=no --disable-shared --with-pkgversion='crosstool-NG esp-2020r3' --disable-__cxa_atexit --enable-cxx-flags=-ffunction-sections --disable-libgomp --disable-libmudflap --disable-libmpx --disable-libssp --disable-libquadmath --disable-libquadmath-support --with-gmp=/builds/idf/crosstool-NG/.build/HOST-x86_64-apple-darwin12/xtensa-esp32-elf/buildtools/complibs-host --with-mpfr=/builds/idf/crosstool-NG/.build/HOST-x86_64-apple-darwin12/xtensa-esp32-elf/buildtools/complibs-host --with-mpc=/builds/idf/crosstool-NG/.build/HOST-x86_64-apple-darwin12/xtensa-esp32-elf/buildtools/complibs-host --with-isl=/builds/idf/crosstool-NG/.build/HOST-x86_64-apple-darwin12/xtensa-esp32-elf/buildtools/complibs-host --enable-lto --enable-target-optspace --without-long-double-128 --disable-nls --enable-multiarch --enable-languages=c c++ --disable-libstdcxx-verbose --enable-threads=posix --enable-gcov-custom-rtio --enable-libstdcxx-time=yes]
  ignore line: [Thread model: posix]
  ignore line: [gcc version 8.4.0 (crosstool-NG esp-2020r3) ]
  ignore line: [COMPILER_PATH=/Users/ksdyb/.platformio/packages/toolchain-xtensa32/bin/../libexec/gcc/xtensa-esp32-elf/8.4.0/:/Users/ksdyb/.platformio/packages/toolchain-xtensa32/bin/../libexec/gcc/:/Users/ksdyb/.platformio/packages/toolchain-xtensa32/bin/../lib/gcc/xtensa-esp32-elf/8.4.0/../../../../xtensa-esp32-elf/bin/]
  ignore line: [LIBRARY_PATH=/Users/ksdyb/.platformio/packages/toolchain-xtensa32/bin/../lib/gcc/xtensa-esp32-elf/8.4.0/:/Users/ksdyb/.platformio/packages/toolchain-xtensa32/bin/../lib/gcc/:/Users/ksdyb/.platformio/packages/toolchain-xtensa32/bin/../lib/gcc/xtensa-esp32-elf/8.4.0/../../../../xtensa-esp32-elf/lib/]
  ignore line: [COLLECT_GCC_OPTIONS='-mlongcalls' '-Wno-frame-address' '-v' '-o' 'cmTC_3819c']
  link line: [ /Users/ksdyb/.platformio/packages/toolchain-xtensa32/bin/../libexec/gcc/xtensa-esp32-elf/8.4.0/collect2 -plugin /Users/ksdyb/.platformio/packages/toolchain-xtensa32/bin/../libexec/gcc/xtensa-esp32-elf/8.4.0/liblto_plugin.so -plugin-opt=/Users/ksdyb/.platformio/packages/toolchain-xtensa32/bin/../libexec/gcc/xtensa-esp32-elf/8.4.0/lto-wrapper -plugin-opt=-fresolution=/var/folders/4m/611jh1c17vqckzxmy00tjpt80000gr/T//cccrJygZ.res -plugin-opt=-pass-through=-lgcc -plugin-opt=-pass-through=-lc -plugin-opt=-pass-through=-lnosys -plugin-opt=-pass-through=-lc -plugin-opt=-pass-through=-lgcc -o cmTC_3819c /Users/ksdyb/.platformio/packages/toolchain-xtensa32/bin/../lib/gcc/xtensa-esp32-elf/8.4.0/../../../../xtensa-esp32-elf/lib/crt0.o /Users/ksdyb/.platformio/packages/toolchain-xtensa32/bin/../lib/gcc/xtensa-esp32-elf/8.4.0/crti.o /Users/ksdyb/.platformio/packages/toolchain-xtensa32/bin/../lib/gcc/xtensa-esp32-elf/8.4.0/crtbegin.o -L/Users/ksdyb/.platformio/packages/toolchain-xtensa32/bin/../lib/gcc/xtensa-esp32-elf/8.4.0 -L/Users/ksdyb/.platformio/packages/toolchain-xtensa32/bin/../lib/gcc -L/Users/ksdyb/.platformio/packages/toolchain-xtensa32/bin/../lib/gcc/xtensa-esp32-elf/8.4.0/../../../../xtensa-esp32-elf/lib CMakeFiles/cmTC_3819c.dir/CMakeCCompilerABI.c.obj -lgcc -lc -lnosys -lc -lgcc /Users/ksdyb/.platformio/packages/toolchain-xtensa32/bin/../lib/gcc/xtensa-esp32-elf/8.4.0/crtend.o /Users/ksdyb/.platformio/packages/toolchain-xtensa32/bin/../lib/gcc/xtensa-esp32-elf/8.4.0/crtn.o]
    arg [/Users/ksdyb/.platformio/packages/toolchain-xtensa32/bin/../libexec/gcc/xtensa-esp32-elf/8.4.0/collect2] ==> ignore
    arg [-plugin] ==> ignore
    arg [/Users/ksdyb/.platformio/packages/toolchain-xtensa32/bin/../libexec/gcc/xtensa-esp32-elf/8.4.0/liblto_plugin.so] ==> ignore
    arg [-plugin-opt=/Users/ksdyb/.platformio/packages/toolchain-xtensa32/bin/../libexec/gcc/xtensa-esp32-elf/8.4.0/lto-wrapper] ==> ignore
    arg [-plugin-opt=-fresolution=/var/folders/4m/611jh1c17vqckzxmy00tjpt80000gr/T//cccrJygZ.res] ==> ignore
    arg [-plugin-opt=-pass-through=-lgcc] ==> ignore
    arg [-plugin-opt=-pass-through=-lc] ==> ignore
    arg [-plugin-opt=-pass-through=-lnosys] ==> ignore
    arg [-plugin-opt=-pass-through=-lc] ==> ignore
    arg [-plugin-opt=-pass-through=-lgcc] ==> ignore
    arg [-o] ==> ignore
    arg [cmTC_3819c] ==> ignore
    arg [/Users/ksdyb/.platformio/packages/toolchain-xtensa32/bin/../lib/gcc/xtensa-esp32-elf/8.4.0/../../../../xtensa-esp32-elf/lib/crt0.o] ==> ignore
    arg [/Users/ksdyb/.platformio/packages/toolchain-xtensa32/bin/../lib/gcc/xtensa-esp32-elf/8.4.0/crti.o] ==> ignore
    arg [/Users/ksdyb/.platformio/packages/toolchain-xtensa32/bin/../lib/gcc/xtensa-esp32-elf/8.4.0/crtbegin.o] ==> ignore
    arg [-L/Users/ksdyb/.platformio/packages/toolchain-xtensa32/bin/../lib/gcc/xtensa-esp32-elf/8.4.0] ==> dir [/Users/ksdyb/.platformio/packages/toolchain-xtensa32/bin/../lib/gcc/xtensa-esp32-elf/8.4.0]
    arg [-L/Users/ksdyb/.platformio/packages/toolchain-xtensa32/bin/../lib/gcc] ==> dir [/Users/ksdyb/.platformio/packages/toolchain-xtensa32/bin/../lib/gcc]
    arg [-L/Users/ksdyb/.platformio/packages/toolchain-xtensa32/bin/../lib/gcc/xtensa-esp32-elf/8.4.0/../../../../xtensa-esp32-elf/lib] ==> dir [/Users/ksdyb/.platformio/packages/toolchain-xtensa32/bin/../lib/gcc/xtensa-esp32-elf/8.4.0/../../../../xtensa-esp32-elf/lib]
    arg [CMakeFiles/cmTC_3819c.dir/CMakeCCompilerABI.c.obj] ==> ignore
    arg [-lgcc] ==> lib [gcc]
    arg [-lc] ==> lib [c]
    arg [-lnosys] ==> lib [nosys]
    arg [-lc] ==> lib [c]
    arg [-lgcc] ==> lib [gcc]
    arg [/Users/ksdyb/.platformio/packages/toolchain-xtensa32/bin/../lib/gcc/xtensa-esp32-elf/8.4.0/crtend.o] ==> ignore
    arg [/Users/ksdyb/.platformio/packages/toolchain-xtensa32/bin/../lib/gcc/xtensa-esp32-elf/8.4.0/crtn.o] ==> ignore
  collapse library dir [/Users/ksdyb/.platformio/packages/toolchain-xtensa32/bin/../lib/gcc/xtensa-esp32-elf/8.4.0] ==> [/Users/ksdyb/.platformio/packages/toolchain-xtensa32/lib/gcc/xtensa-esp32-elf/8.4.0]
  collapse library dir [/Users/ksdyb/.platformio/packages/toolchain-xtensa32/bin/../lib/gcc] ==> [/Users/ksdyb/.platformio/packages/toolchain-xtensa32/lib/gcc]
  collapse library dir [/Users/ksdyb/.platformio/packages/toolchain-xtensa32/bin/../lib/gcc/xtensa-esp32-elf/8.4.0/../../../../xtensa-esp32-elf/lib] ==> [/Users/ksdyb/.platformio/packages/toolchain-xtensa32/xtensa-esp32-elf/lib]
  implicit libs: [gcc;c;nosys;c;gcc]
  implicit dirs: [/Users/ksdyb/.platformio/packages/toolchain-xtensa32/lib/gcc/xtensa-esp32-elf/8.4.0;/Users/ksdyb/.platformio/packages/toolchain-xtensa32/lib/gcc;/Users/ksdyb/.platformio/packages/toolchain-xtensa32/xtensa-esp32-elf/lib]
  implicit fwks: []


Determining if the CXX compiler works passed with the following output:
Change Dir: /Users/ksdyb/Documents/iot/iot-analytics-for-thermometer/aws-iot-thermometer/.pio/build/core2foraws/bootloader/CMakeFiles/CMakeTmp

Run Build Command(s):/Users/ksdyb/.platformio/packages/tool-ninja/ninja cmTC_bc063 && [1/2] Building CXX object CMakeFiles/cmTC_bc063.dir/testCXXCompiler.cxx.obj
[2/2] Linking CXX executable cmTC_bc063



Detecting CXX compiler ABI info compiled with the following output:
Change Dir: /Users/ksdyb/Documents/iot/iot-analytics-for-thermometer/aws-iot-thermometer/.pio/build/core2foraws/bootloader/CMakeFiles/CMakeTmp

Run Build Command(s):/Users/ksdyb/.platformio/packages/tool-ninja/ninja cmTC_adaeb && [1/2] Building CXX object CMakeFiles/cmTC_adaeb.dir/CMakeCXXCompilerABI.cpp.obj
Using built-in specs.
COLLECT_GCC=/Users/ksdyb/.platformio/packages/toolchain-xtensa32/bin/xtensa-esp32-elf-g++
Target: xtensa-esp32-elf
Configured with: /builds/idf/crosstool-NG/.build/HOST-x86_64-apple-darwin12/xtensa-esp32-elf/src/gcc/configure --build=x86_64-build_pc-linux-gnu --host=x86_64-host_apple-darwin12 --target=xtensa-esp32-elf --prefix=/builds/idf/crosstool-NG/builds/xtensa-esp32-elf --with-local-prefix=/builds/idf/crosstool-NG/builds/xtensa-esp32-elf/xtensa-esp32-elf --with-headers=/builds/idf/crosstool-NG/builds/xtensa-esp32-elf/xtensa-esp32-elf/include --with-newlib --enable-threads=no --disable-shared --with-pkgversion='crosstool-NG esp-2020r3' --disable-__cxa_atexit --enable-cxx-flags=-ffunction-sections --disable-libgomp --disable-libmudflap --disable-libmpx --disable-libssp --disable-libquadmath --disable-libquadmath-support --with-gmp=/builds/idf/crosstool-NG/.build/HOST-x86_64-apple-darwin12/xtensa-esp32-elf/buildtools/complibs-host --with-mpfr=/builds/idf/crosstool-NG/.build/HOST-x86_64-apple-darwin12/xtensa-esp32-elf/buildtools/complibs-host --with-mpc=/builds/idf/crosstool-NG/.build/HOST-x86_64-apple-darwin12/xtensa-esp32-elf/buildtools/complibs-host --with-isl=/builds/idf/crosstool-NG/.build/HOST-x86_64-apple-darwin12/xtensa-esp32-elf/buildtools/complibs-host --enable-lto --enable-target-optspace --without-long-double-128 --disable-nls --enable-multiarch --enable-languages=c,c++ --disable-libstdcxx-verbose --enable-threads=posix --enable-gcov-custom-rtio --enable-libstdcxx-time=yes
Thread model: posix
gcc version 8.4.0 (crosstool-NG esp-2020r3) 
COLLECT_GCC_OPTIONS='-mlongcalls' '-Wno-frame-address' '-v' '-o' 'CMakeFiles/cmTC_adaeb.dir/CMakeCXXCompilerABI.cpp.obj' '-c'
 /Users/ksdyb/.platformio/packages/toolchain-xtensa32/bin/../libexec/gcc/xtensa-esp32-elf/8.4.0/cc1plus -quiet -v -iprefix /Users/ksdyb/.platformio/packages/toolchain-xtensa32/bin/../lib/gcc/xtensa-esp32-elf/8.4.0/ /Users/ksdyb/.platformio/packages/tool-cmake/share/cmake-3.16/Modules/CMakeCXXCompilerABI.cpp -quiet -dumpbase CMakeCXXCompilerABI.cpp -mlongcalls -auxbase-strip CMakeFiles/cmTC_adaeb.dir/CMakeCXXCompilerABI.cpp.obj -Wno-frame-address -version -o /var/folders/4m/611jh1c17vqckzxmy00tjpt80000gr/T//ccYSzX4e.s
GNU C++14 (crosstool-NG esp-2020r3) version 8.4.0 (xtensa-esp32-elf)
	compiled by GNU C version 8.3.0, GMP version 6.1.2, MPFR version 4.0.1, MPC version 1.1.0, isl version isl-0.19-GMP

GGC heuristics: --param ggc-min-expand=100 --param ggc-min-heapsize=131072
ignoring duplicate directory "/Users/ksdyb/.platformio/packages/toolchain-xtensa32/bin/../lib/gcc/../../lib/gcc/xtensa-esp32-elf/8.4.0/../../../../xtensa-esp32-elf/include/c++/8.4.0"
ignoring duplicate directory "/Users/ksdyb/.platformio/packages/toolchain-xtensa32/bin/../lib/gcc/../../lib/gcc/xtensa-esp32-elf/8.4.0/../../../../xtensa-esp32-elf/include/c++/8.4.0/xtensa-esp32-elf"
ignoring duplicate directory "/Users/ksdyb/.platformio/packages/toolchain-xtensa32/bin/../lib/gcc/../../lib/gcc/xtensa-esp32-elf/8.4.0/../../../../xtensa-esp32-elf/include/c++/8.4.0/backward"
ignoring duplicate directory "/Users/ksdyb/.platformio/packages/toolchain-xtensa32/bin/../lib/gcc/../../lib/gcc/xtensa-esp32-elf/8.4.0/include"
ignoring duplicate directory "/Users/ksdyb/.platformio/packages/toolchain-xtensa32/bin/../lib/gcc/../../lib/gcc/xtensa-esp32-elf/8.4.0/include-fixed"
ignoring duplicate directory "/Users/ksdyb/.platformio/packages/toolchain-xtensa32/bin/../lib/gcc/../../lib/gcc/xtensa-esp32-elf/8.4.0/../../../../xtensa-esp32-elf/sys-include"
ignoring duplicate directory "/Users/ksdyb/.platformio/packages/toolchain-xtensa32/bin/../lib/gcc/../../lib/gcc/xtensa-esp32-elf/8.4.0/../../../../xtensa-esp32-elf/include"
#include "..." search starts here:
#include <...> search starts here:
 /Users/ksdyb/.platformio/packages/toolchain-xtensa32/bin/../lib/gcc/xtensa-esp32-elf/8.4.0/../../../../xtensa-esp32-elf/include/c++/8.4.0
 /Users/ksdyb/.platformio/packages/toolchain-xtensa32/bin/../lib/gcc/xtensa-esp32-elf/8.4.0/../../../../xtensa-esp32-elf/include/c++/8.4.0/xtensa-esp32-elf
 /Users/ksdyb/.platformio/packages/toolchain-xtensa32/bin/../lib/gcc/xtensa-esp32-elf/8.4.0/../../../../xtensa-esp32-elf/include/c++/8.4.0/backward
 /Users/ksdyb/.platformio/packages/toolchain-xtensa32/bin/../lib/gcc/xtensa-esp32-elf/8.4.0/include
 /Users/ksdyb/.platformio/packages/toolchain-xtensa32/bin/../lib/gcc/xtensa-esp32-elf/8.4.0/include-fixed
 /Users/ksdyb/.platformio/packages/toolchain-xtensa32/bin/../lib/gcc/xtensa-esp32-elf/8.4.0/../../../../xtensa-esp32-elf/sys-include
 /Users/ksdyb/.platformio/packages/toolchain-xtensa32/bin/../lib/gcc/xtensa-esp32-elf/8.4.0/../../../../xtensa-esp32-elf/include
End of search list.
GNU C++14 (crosstool-NG esp-2020r3) version 8.4.0 (xtensa-esp32-elf)
	compiled by GNU C version 8.3.0, GMP version 6.1.2, MPFR version 4.0.1, MPC version 1.1.0, isl version isl-0.19-GMP

GGC heuristics: --param ggc-min-expand=100 --param ggc-min-heapsize=131072
Compiler executable checksum: 9ab424f4c9e38f7acccc1557c8e5bddd
COLLECT_GCC_OPTIONS='-mlongcalls' '-Wno-frame-address' '-v' '-o' 'CMakeFiles/cmTC_adaeb.dir/CMakeCXXCompilerABI.cpp.obj' '-c'
 /Users/ksdyb/.platformio/packages/toolchain-xtensa32/bin/../lib/gcc/xtensa-esp32-elf/8.4.0/../../../../xtensa-esp32-elf/bin/as --traditional-format --longcalls -o CMakeFiles/cmTC_adaeb.dir/CMakeCXXCompilerABI.cpp.obj /var/folders/4m/611jh1c17vqckzxmy00tjpt80000gr/T//ccYSzX4e.s
COMPILER_PATH=/Users/ksdyb/.platformio/packages/toolchain-xtensa32/bin/../libexec/gcc/xtensa-esp32-elf/8.4.0/:/Users/ksdyb/.platformio/packages/toolchain-xtensa32/bin/../libexec/gcc/:/Users/ksdyb/.platformio/packages/toolchain-xtensa32/bin/../lib/gcc/xtensa-esp32-elf/8.4.0/../../../../xtensa-esp32-elf/bin/
LIBRARY_PATH=/Users/ksdyb/.platformio/packages/toolchain-xtensa32/bin/../lib/gcc/xtensa-esp32-elf/8.4.0/:/Users/ksdyb/.platformio/packages/toolchain-xtensa32/bin/../lib/gcc/:/Users/ksdyb/.platformio/packages/toolchain-xtensa32/bin/../lib/gcc/xtensa-esp32-elf/8.4.0/../../../../xtensa-esp32-elf/lib/
COLLECT_GCC_OPTIONS='-mlongcalls' '-Wno-frame-address' '-v' '-o' 'CMakeFiles/cmTC_adaeb.dir/CMakeCXXCompilerABI.cpp.obj' '-c'
[2/2] Linking CXX executable cmTC_adaeb
Using built-in specs.
COLLECT_GCC=/Users/ksdyb/.platformio/packages/toolchain-xtensa32/bin/xtensa-esp32-elf-g++
COLLECT_LTO_WRAPPER=/Users/ksdyb/.platformio/packages/toolchain-xtensa32/bin/../libexec/gcc/xtensa-esp32-elf/8.4.0/lto-wrapper
Target: xtensa-esp32-elf
Configured with: /builds/idf/crosstool-NG/.build/HOST-x86_64-apple-darwin12/xtensa-esp32-elf/src/gcc/configure --build=x86_64-build_pc-linux-gnu --host=x86_64-host_apple-darwin12 --target=xtensa-esp32-elf --prefix=/builds/idf/crosstool-NG/builds/xtensa-esp32-elf --with-local-prefix=/builds/idf/crosstool-NG/builds/xtensa-esp32-elf/xtensa-esp32-elf --with-headers=/builds/idf/crosstool-NG/builds/xtensa-esp32-elf/xtensa-esp32-elf/include --with-newlib --enable-threads=no --disable-shared --with-pkgversion='crosstool-NG esp-2020r3' --disable-__cxa_atexit --enable-cxx-flags=-ffunction-sections --disable-libgomp --disable-libmudflap --disable-libmpx --disable-libssp --disable-libquadmath --disable-libquadmath-support --with-gmp=/builds/idf/crosstool-NG/.build/HOST-x86_64-apple-darwin12/xtensa-esp32-elf/buildtools/complibs-host --with-mpfr=/builds/idf/crosstool-NG/.build/HOST-x86_64-apple-darwin12/xtensa-esp32-elf/buildtools/complibs-host --with-mpc=/builds/idf/crosstool-NG/.build/HOST-x86_64-apple-darwin12/xtensa-esp32-elf/buildtools/complibs-host --with-isl=/builds/idf/crosstool-NG/.build/HOST-x86_64-apple-darwin12/xtensa-esp32-elf/buildtools/complibs-host --enable-lto --enable-target-optspace --without-long-double-128 --disable-nls --enable-multiarch --enable-languages=c,c++ --disable-libstdcxx-verbose --enable-threads=posix --enable-gcov-custom-rtio --enable-libstdcxx-time=yes
Thread model: posix
gcc version 8.4.0 (crosstool-NG esp-2020r3) 
COMPILER_PATH=/Users/ksdyb/.platformio/packages/toolchain-xtensa32/bin/../libexec/gcc/xtensa-esp32-elf/8.4.0/:/Users/ksdyb/.platformio/packages/toolchain-xtensa32/bin/../libexec/gcc/:/Users/ksdyb/.platformio/packages/toolchain-xtensa32/bin/../lib/gcc/xtensa-esp32-elf/8.4.0/../../../../xtensa-esp32-elf/bin/
LIBRARY_PATH=/Users/ksdyb/.platformio/packages/toolchain-xtensa32/bin/../lib/gcc/xtensa-esp32-elf/8.4.0/:/Users/ksdyb/.platformio/packages/toolchain-xtensa32/bin/../lib/gcc/:/Users/ksdyb/.platformio/packages/toolchain-xtensa32/bin/../lib/gcc/xtensa-esp32-elf/8.4.0/../../../../xtensa-esp32-elf/lib/
COLLECT_GCC_OPTIONS='-mlongcalls' '-Wno-frame-address' '-v' '-o' 'cmTC_adaeb'
 /Users/ksdyb/.platformio/packages/toolchain-xtensa32/bin/../libexec/gcc/xtensa-esp32-elf/8.4.0/collect2 -plugin /Users/ksdyb/.platformio/packages/toolchain-xtensa32/bin/../libexec/gcc/xtensa-esp32-elf/8.4.0/liblto_plugin.so -plugin-opt=/Users/ksdyb/.platformio/packages/toolchain-xtensa32/bin/../libexec/gcc/xtensa-esp32-elf/8.4.0/lto-wrapper -plugin-opt=-fresolution=/var/folders/4m/611jh1c17vqckzxmy00tjpt80000gr/T//ccyf1U3Q.res -plugin-opt=-pass-through=-lgcc -plugin-opt=-pass-through=-lc -plugin-opt=-pass-through=-lnosys -plugin-opt=-pass-through=-lc -plugin-opt=-pass-through=-lgcc -o cmTC_adaeb /Users/ksdyb/.platformio/packages/toolchain-xtensa32/bin/../lib/gcc/xtensa-esp32-elf/8.4.0/../../../../xtensa-esp32-elf/lib/crt0.o /Users/ksdyb/.platformio/packages/toolchain-xtensa32/bin/../lib/gcc/xtensa-esp32-elf/8.4.0/crti.o /Users/ksdyb/.platformio/packages/toolchain-xtensa32/bin/../lib/gcc/xtensa-esp32-elf/8.4.0/crtbegin.o -L/Users/ksdyb/.platformio/packages/toolchain-xtensa32/bin/../lib/gcc/xtensa-esp32-elf/8.4.0 -L/Users/ksdyb/.platformio/packages/toolchain-xtensa32/bin/../lib/gcc -L/Users/ksdyb/.platformio/packages/toolchain-xtensa32/bin/../lib/gcc/xtensa-esp32-elf/8.4.0/../../../../xtensa-esp32-elf/lib CMakeFiles/cmTC_adaeb.dir/CMakeCXXCompilerABI.cpp.obj -lstdc++ -lm -lgcc -lc -lnosys -lc -lgcc /Users/ksdyb/.platformio/packages/toolchain-xtensa32/bin/../lib/gcc/xtensa-esp32-elf/8.4.0/crtend.o /Users/ksdyb/.platformio/packages/toolchain-xtensa32/bin/../lib/gcc/xtensa-esp32-elf/8.4.0/crtn.o
COLLECT_GCC_OPTIONS='-mlongcalls' '-Wno-frame-address' '-v' '-o' 'cmTC_adaeb'



Parsed CXX implicit include dir info from above output: rv=done
  found start of include info
  found start of implicit include info
    add: [/Users/ksdyb/.platformio/packages/toolchain-xtensa32/bin/../lib/gcc/xtensa-esp32-elf/8.4.0/../../../../xtensa-esp32-elf/include/c++/8.4.0]
    add: [/Users/ksdyb/.platformio/packages/toolchain-xtensa32/bin/../lib/gcc/xtensa-esp32-elf/8.4.0/../../../../xtensa-esp32-elf/include/c++/8.4.0/xtensa-esp32-elf]
    add: [/Users/ksdyb/.platformio/packages/toolchain-xtensa32/bin/../lib/gcc/xtensa-esp32-elf/8.4.0/../../../../xtensa-esp32-elf/include/c++/8.4.0/backward]
    add: [/Users/ksdyb/.platformio/packages/toolchain-xtensa32/bin/../lib/gcc/xtensa-esp32-elf/8.4.0/include]
    add: [/Users/ksdyb/.platformio/packages/toolchain-xtensa32/bin/../lib/gcc/xtensa-esp32-elf/8.4.0/include-fixed]
    add: [/Users/ksdyb/.platformio/packages/toolchain-xtensa32/bin/../lib/gcc/xtensa-esp32-elf/8.4.0/../../../../xtensa-esp32-elf/sys-include]
    add: [/Users/ksdyb/.platformio/packages/toolchain-xtensa32/bin/../lib/gcc/xtensa-esp32-elf/8.4.0/../../../../xtensa-esp32-elf/include]
  end of search list found
  collapse include dir [/Users/ksdyb/.platformio/packages/toolchain-xtensa32/bin/../lib/gcc/xtensa-esp32-elf/8.4.0/../../../../xtensa-esp32-elf/include/c++/8.4.0] ==> [/Users/ksdyb/.platformio/packages/toolchain-xtensa32/xtensa-esp32-elf/include/c++/8.4.0]
  collapse include dir [/Users/ksdyb/.platformio/packages/toolchain-xtensa32/bin/../lib/gcc/xtensa-esp32-elf/8.4.0/../../../../xtensa-esp32-elf/include/c++/8.4.0/xtensa-esp32-elf] ==> [/Users/ksdyb/.platformio/packages/toolchain-xtensa32/xtensa-esp32-elf/include/c++/8.4.0/xtensa-esp32-elf]
  collapse include dir [/Users/ksdyb/.platformio/packages/toolchain-xtensa32/bin/../lib/gcc/xtensa-esp32-elf/8.4.0/../../../../xtensa-esp32-elf/include/c++/8.4.0/backward] ==> [/Users/ksdyb/.platformio/packages/toolchain-xtensa32/xtensa-esp32-elf/include/c++/8.4.0/backward]
  collapse include dir [/Users/ksdyb/.platformio/packages/toolchain-xtensa32/bin/../lib/gcc/xtensa-esp32-elf/8.4.0/include] ==> [/Users/ksdyb/.platformio/packages/toolchain-xtensa32/lib/gcc/xtensa-esp32-elf/8.4.0/include]
  collapse include dir [/Users/ksdyb/.platformio/packages/toolchain-xtensa32/bin/../lib/gcc/xtensa-esp32-elf/8.4.0/include-fixed] ==> [/Users/ksdyb/.platformio/packages/toolchain-xtensa32/lib/gcc/xtensa-esp32-elf/8.4.0/include-fixed]
  collapse include dir [/Users/ksdyb/.platformio/packages/toolchain-xtensa32/bin/../lib/gcc/xtensa-esp32-elf/8.4.0/../../../../xtensa-esp32-elf/sys-include] ==> [/Users/ksdyb/.platformio/packages/toolchain-xtensa32/xtensa-esp32-elf/sys-include]
  collapse include dir [/Users/ksdyb/.platformio/packages/toolchain-xtensa32/bin/../lib/gcc/xtensa-esp32-elf/8.4.0/../../../../xtensa-esp32-elf/include] ==> [/Users/ksdyb/.platformio/packages/toolchain-xtensa32/xtensa-esp32-elf/include]
  implicit include dirs: [/Users/ksdyb/.platformio/packages/toolchain-xtensa32/xtensa-esp32-elf/include/c++/8.4.0;/Users/ksdyb/.platformio/packages/toolchain-xtensa32/xtensa-esp32-elf/include/c++/8.4.0/xtensa-esp32-elf;/Users/ksdyb/.platformio/packages/toolchain-xtensa32/xtensa-esp32-elf/include/c++/8.4.0/backward;/Users/ksdyb/.platformio/packages/toolchain-xtensa32/lib/gcc/xtensa-esp32-elf/8.4.0/include;/Users/ksdyb/.platformio/packages/toolchain-xtensa32/lib/gcc/xtensa-esp32-elf/8.4.0/include-fixed;/Users/ksdyb/.platformio/packages/toolchain-xtensa32/xtensa-esp32-elf/sys-include;/Users/ksdyb/.platformio/packages/toolchain-xtensa32/xtensa-esp32-elf/include]


Parsed CXX implicit link information from above output:
  link line regex: [^( *|.*[/\])(xtensa-esp32-elf-ld|CMAKE_LINK_STARTFILE-NOTFOUND|([^/\]+-)?ld|collect2)[^/\]*( |$)]
  ignore line: [Change Dir: /Users/ksdyb/Documents/iot/iot-analytics-for-thermometer/aws-iot-thermometer/.pio/build/core2foraws/bootloader/CMakeFiles/CMakeTmp]
  ignore line: []
  ignore line: [Run Build Command(s):/Users/ksdyb/.platformio/packages/tool-ninja/ninja cmTC_adaeb && [1/2] Building CXX object CMakeFiles/cmTC_adaeb.dir/CMakeCXXCompilerABI.cpp.obj]
  ignore line: [Using built-in specs.]
  ignore line: [COLLECT_GCC=/Users/ksdyb/.platformio/packages/toolchain-xtensa32/bin/xtensa-esp32-elf-g++]
  ignore line: [Target: xtensa-esp32-elf]
  ignore line: [Configured with: /builds/idf/crosstool-NG/.build/HOST-x86_64-apple-darwin12/xtensa-esp32-elf/src/gcc/configure --build=x86_64-build_pc-linux-gnu --host=x86_64-host_apple-darwin12 --target=xtensa-esp32-elf --prefix=/builds/idf/crosstool-NG/builds/xtensa-esp32-elf --with-local-prefix=/builds/idf/crosstool-NG/builds/xtensa-esp32-elf/xtensa-esp32-elf --with-headers=/builds/idf/crosstool-NG/builds/xtensa-esp32-elf/xtensa-esp32-elf/include --with-newlib --enable-threads=no --disable-shared --with-pkgversion='crosstool-NG esp-2020r3' --disable-__cxa_atexit --enable-cxx-flags=-ffunction-sections --disable-libgomp --disable-libmudflap --disable-libmpx --disable-libssp --disable-libquadmath --disable-libquadmath-support --with-gmp=/builds/idf/crosstool-NG/.build/HOST-x86_64-apple-darwin12/xtensa-esp32-elf/buildtools/complibs-host --with-mpfr=/builds/idf/crosstool-NG/.build/HOST-x86_64-apple-darwin12/xtensa-esp32-elf/buildtools/complibs-host --with-mpc=/builds/idf/crosstool-NG/.build/HOST-x86_64-apple-darwin12/xtensa-esp32-elf/buildtools/complibs-host --with-isl=/builds/idf/crosstool-NG/.build/HOST-x86_64-apple-darwin12/xtensa-esp32-elf/buildtools/complibs-host --enable-lto --enable-target-optspace --without-long-double-128 --disable-nls --enable-multiarch --enable-languages=c c++ --disable-libstdcxx-verbose --enable-threads=posix --enable-gcov-custom-rtio --enable-libstdcxx-time=yes]
  ignore line: [Thread model: posix]
  ignore line: [gcc version 8.4.0 (crosstool-NG esp-2020r3) ]
  ignore line: [COLLECT_GCC_OPTIONS='-mlongcalls' '-Wno-frame-address' '-v' '-o' 'CMakeFiles/cmTC_adaeb.dir/CMakeCXXCompilerABI.cpp.obj' '-c']
  ignore line: [ /Users/ksdyb/.platformio/packages/toolchain-xtensa32/bin/../libexec/gcc/xtensa-esp32-elf/8.4.0/cc1plus -quiet -v -iprefix /Users/ksdyb/.platformio/packages/toolchain-xtensa32/bin/../lib/gcc/xtensa-esp32-elf/8.4.0/ /Users/ksdyb/.platformio/packages/tool-cmake/share/cmake-3.16/Modules/CMakeCXXCompilerABI.cpp -quiet -dumpbase CMakeCXXCompilerABI.cpp -mlongcalls -auxbase-strip CMakeFiles/cmTC_adaeb.dir/CMakeCXXCompilerABI.cpp.obj -Wno-frame-address -version -o /var/folders/4m/611jh1c17vqckzxmy00tjpt80000gr/T//ccYSzX4e.s]
  ignore line: [GNU C++14 (crosstool-NG esp-2020r3) version 8.4.0 (xtensa-esp32-elf)]
  ignore line: [	compiled by GNU C version 8.3.0  GMP version 6.1.2  MPFR version 4.0.1  MPC version 1.1.0  isl version isl-0.19-GMP]
  ignore line: []
  ignore line: [GGC heuristics: --param ggc-min-expand=100 --param ggc-min-heapsize=131072]
  ignore line: [ignoring duplicate directory "/Users/ksdyb/.platformio/packages/toolchain-xtensa32/bin/../lib/gcc/../../lib/gcc/xtensa-esp32-elf/8.4.0/../../../../xtensa-esp32-elf/include/c++/8.4.0"]
  ignore line: [ignoring duplicate directory "/Users/ksdyb/.platformio/packages/toolchain-xtensa32/bin/../lib/gcc/../../lib/gcc/xtensa-esp32-elf/8.4.0/../../../../xtensa-esp32-elf/include/c++/8.4.0/xtensa-esp32-elf"]
  ignore line: [ignoring duplicate directory "/Users/ksdyb/.platformio/packages/toolchain-xtensa32/bin/../lib/gcc/../../lib/gcc/xtensa-esp32-elf/8.4.0/../../../../xtensa-esp32-elf/include/c++/8.4.0/backward"]
  ignore line: [ignoring duplicate directory "/Users/ksdyb/.platformio/packages/toolchain-xtensa32/bin/../lib/gcc/../../lib/gcc/xtensa-esp32-elf/8.4.0/include"]
  ignore line: [ignoring duplicate directory "/Users/ksdyb/.platformio/packages/toolchain-xtensa32/bin/../lib/gcc/../../lib/gcc/xtensa-esp32-elf/8.4.0/include-fixed"]
  ignore line: [ignoring duplicate directory "/Users/ksdyb/.platformio/packages/toolchain-xtensa32/bin/../lib/gcc/../../lib/gcc/xtensa-esp32-elf/8.4.0/../../../../xtensa-esp32-elf/sys-include"]
  ignore line: [ignoring duplicate directory "/Users/ksdyb/.platformio/packages/toolchain-xtensa32/bin/../lib/gcc/../../lib/gcc/xtensa-esp32-elf/8.4.0/../../../../xtensa-esp32-elf/include"]
  ignore line: [#include "..." search starts here:]
  ignore line: [#include <...> search starts here:]
  ignore line: [ /Users/ksdyb/.platformio/packages/toolchain-xtensa32/bin/../lib/gcc/xtensa-esp32-elf/8.4.0/../../../../xtensa-esp32-elf/include/c++/8.4.0]
  ignore line: [ /Users/ksdyb/.platformio/packages/toolchain-xtensa32/bin/../lib/gcc/xtensa-esp32-elf/8.4.0/../../../../xtensa-esp32-elf/include/c++/8.4.0/xtensa-esp32-elf]
  ignore line: [ /Users/ksdyb/.platformio/packages/toolchain-xtensa32/bin/../lib/gcc/xtensa-esp32-elf/8.4.0/../../../../xtensa-esp32-elf/include/c++/8.4.0/backward]
  ignore line: [ /Users/ksdyb/.platformio/packages/toolchain-xtensa32/bin/../lib/gcc/xtensa-esp32-elf/8.4.0/include]
  ignore line: [ /Users/ksdyb/.platformio/packages/toolchain-xtensa32/bin/../lib/gcc/xtensa-esp32-elf/8.4.0/include-fixed]
  ignore line: [ /Users/ksdyb/.platformio/packages/toolchain-xtensa32/bin/../lib/gcc/xtensa-esp32-elf/8.4.0/../../../../xtensa-esp32-elf/sys-include]
  ignore line: [ /Users/ksdyb/.platformio/packages/toolchain-xtensa32/bin/../lib/gcc/xtensa-esp32-elf/8.4.0/../../../../xtensa-esp32-elf/include]
  ignore line: [End of search list.]
  ignore line: [GNU C++14 (crosstool-NG esp-2020r3) version 8.4.0 (xtensa-esp32-elf)]
  ignore line: [	compiled by GNU C version 8.3.0  GMP version 6.1.2  MPFR version 4.0.1  MPC version 1.1.0  isl version isl-0.19-GMP]
  ignore line: []
  ignore line: [GGC heuristics: --param ggc-min-expand=100 --param ggc-min-heapsize=131072]
  ignore line: [Compiler executable checksum: 9ab424f4c9e38f7acccc1557c8e5bddd]
  ignore line: [COLLECT_GCC_OPTIONS='-mlongcalls' '-Wno-frame-address' '-v' '-o' 'CMakeFiles/cmTC_adaeb.dir/CMakeCXXCompilerABI.cpp.obj' '-c']
  ignore line: [ /Users/ksdyb/.platformio/packages/toolchain-xtensa32/bin/../lib/gcc/xtensa-esp32-elf/8.4.0/../../../../xtensa-esp32-elf/bin/as --traditional-format --longcalls -o CMakeFiles/cmTC_adaeb.dir/CMakeCXXCompilerABI.cpp.obj /var/folders/4m/611jh1c17vqckzxmy00tjpt80000gr/T//ccYSzX4e.s]
  ignore line: [COMPILER_PATH=/Users/ksdyb/.platformio/packages/toolchain-xtensa32/bin/../libexec/gcc/xtensa-esp32-elf/8.4.0/:/Users/ksdyb/.platformio/packages/toolchain-xtensa32/bin/../libexec/gcc/:/Users/ksdyb/.platformio/packages/toolchain-xtensa32/bin/../lib/gcc/xtensa-esp32-elf/8.4.0/../../../../xtensa-esp32-elf/bin/]
  ignore line: [LIBRARY_PATH=/Users/ksdyb/.platformio/packages/toolchain-xtensa32/bin/../lib/gcc/xtensa-esp32-elf/8.4.0/:/Users/ksdyb/.platformio/packages/toolchain-xtensa32/bin/../lib/gcc/:/Users/ksdyb/.platformio/packages/toolchain-xtensa32/bin/../lib/gcc/xtensa-esp32-elf/8.4.0/../../../../xtensa-esp32-elf/lib/]
  ignore line: [COLLECT_GCC_OPTIONS='-mlongcalls' '-Wno-frame-address' '-v' '-o' 'CMakeFiles/cmTC_adaeb.dir/CMakeCXXCompilerABI.cpp.obj' '-c']
  ignore line: [[2/2] Linking CXX executable cmTC_adaeb]
  ignore line: [Using built-in specs.]
  ignore line: [COLLECT_GCC=/Users/ksdyb/.platformio/packages/toolchain-xtensa32/bin/xtensa-esp32-elf-g++]
  ignore line: [COLLECT_LTO_WRAPPER=/Users/ksdyb/.platformio/packages/toolchain-xtensa32/bin/../libexec/gcc/xtensa-esp32-elf/8.4.0/lto-wrapper]
  ignore line: [Target: xtensa-esp32-elf]
  ignore line: [Configured with: /builds/idf/crosstool-NG/.build/HOST-x86_64-apple-darwin12/xtensa-esp32-elf/src/gcc/configure --build=x86_64-build_pc-linux-gnu --host=x86_64-host_apple-darwin12 --target=xtensa-esp32-elf --prefix=/builds/idf/crosstool-NG/builds/xtensa-esp32-elf --with-local-prefix=/builds/idf/crosstool-NG/builds/xtensa-esp32-elf/xtensa-esp32-elf --with-headers=/builds/idf/crosstool-NG/builds/xtensa-esp32-elf/xtensa-esp32-elf/include --with-newlib --enable-threads=no --disable-shared --with-pkgversion='crosstool-NG esp-2020r3' --disable-__cxa_atexit --enable-cxx-flags=-ffunction-sections --disable-libgomp --disable-libmudflap --disable-libmpx --disable-libssp --disable-libquadmath --disable-libquadmath-support --with-gmp=/builds/idf/crosstool-NG/.build/HOST-x86_64-apple-darwin12/xtensa-esp32-elf/buildtools/complibs-host --with-mpfr=/builds/idf/crosstool-NG/.build/HOST-x86_64-apple-darwin12/xtensa-esp32-elf/buildtools/complibs-host --with-mpc=/builds/idf/crosstool-NG/.build/HOST-x86_64-apple-darwin12/xtensa-esp32-elf/buildtools/complibs-host --with-isl=/builds/idf/crosstool-NG/.build/HOST-x86_64-apple-darwin12/xtensa-esp32-elf/buildtools/complibs-host --enable-lto --enable-target-optspace --without-long-double-128 --disable-nls --enable-multiarch --enable-languages=c c++ --disable-libstdcxx-verbose --enable-threads=posix --enable-gcov-custom-rtio --enable-libstdcxx-time=yes]
  ignore line: [Thread model: posix]
  ignore line: [gcc version 8.4.0 (crosstool-NG esp-2020r3) ]
  ignore line: [COMPILER_PATH=/Users/ksdyb/.platformio/packages/toolchain-xtensa32/bin/../libexec/gcc/xtensa-esp32-elf/8.4.0/:/Users/ksdyb/.platformio/packages/toolchain-xtensa32/bin/../libexec/gcc/:/Users/ksdyb/.platformio/packages/toolchain-xtensa32/bin/../lib/gcc/xtensa-esp32-elf/8.4.0/../../../../xtensa-esp32-elf/bin/]
  ignore line: [LIBRARY_PATH=/Users/ksdyb/.platformio/packages/toolchain-xtensa32/bin/../lib/gcc/xtensa-esp32-elf/8.4.0/:/Users/ksdyb/.platformio/packages/toolchain-xtensa32/bin/../lib/gcc/:/Users/ksdyb/.platformio/packages/toolchain-xtensa32/bin/../lib/gcc/xtensa-esp32-elf/8.4.0/../../../../xtensa-esp32-elf/lib/]
  ignore line: [COLLECT_GCC_OPTIONS='-mlongcalls' '-Wno-frame-address' '-v' '-o' 'cmTC_adaeb']
  link line: [ /Users/ksdyb/.platformio/packages/toolchain-xtensa32/bin/../libexec/gcc/xtensa-esp32-elf/8.4.0/collect2 -plugin /Users/ksdyb/.platformio/packages/toolchain-xtensa32/bin/../libexec/gcc/xtensa-esp32-elf/8.4.0/liblto_plugin.so -plugin-opt=/Users/ksdyb/.platformio/packages/toolchain-xtensa32/bin/../libexec/gcc/xtensa-esp32-elf/8.4.0/lto-wrapper -plugin-opt=-fresolution=/var/folders/4m/611jh1c17vqckzxmy00tjpt80000gr/T//ccyf1U3Q.res -plugin-opt=-pass-through=-lgcc -plugin-opt=-pass-through=-lc -plugin-opt=-pass-through=-lnosys -plugin-opt=-pass-through=-lc -plugin-opt=-pass-through=-lgcc -o cmTC_adaeb /Users/ksdyb/.platformio/packages/toolchain-xtensa32/bin/../lib/gcc/xtensa-esp32-elf/8.4.0/../../../../xtensa-esp32-elf/lib/crt0.o /Users/ksdyb/.platformio/packages/toolchain-xtensa32/bin/../lib/gcc/xtensa-esp32-elf/8.4.0/crti.o /Users/ksdyb/.platformio/packages/toolchain-xtensa32/bin/../lib/gcc/xtensa-esp32-elf/8.4.0/crtbegin.o -L/Users/ksdyb/.platformio/packages/toolchain-xtensa32/bin/../lib/gcc/xtensa-esp32-elf/8.4.0 -L/Users/ksdyb/.platformio/packages/toolchain-xtensa32/bin/../lib/gcc -L/Users/ksdyb/.platformio/packages/toolchain-xtensa32/bin/../lib/gcc/xtensa-esp32-elf/8.4.0/../../../../xtensa-esp32-elf/lib CMakeFiles/cmTC_adaeb.dir/CMakeCXXCompilerABI.cpp.obj -lstdc++ -lm -lgcc -lc -lnosys -lc -lgcc /Users/ksdyb/.platformio/packages/toolchain-xtensa32/bin/../lib/gcc/xtensa-esp32-elf/8.4.0/crtend.o /Users/ksdyb/.platformio/packages/toolchain-xtensa32/bin/../lib/gcc/xtensa-esp32-elf/8.4.0/crtn.o]
    arg [/Users/ksdyb/.platformio/packages/toolchain-xtensa32/bin/../libexec/gcc/xtensa-esp32-elf/8.4.0/collect2] ==> ignore
    arg [-plugin] ==> ignore
    arg [/Users/ksdyb/.platformio/packages/toolchain-xtensa32/bin/../libexec/gcc/xtensa-esp32-elf/8.4.0/liblto_plugin.so] ==> ignore
    arg [-plugin-opt=/Users/ksdyb/.platformio/packages/toolchain-xtensa32/bin/../libexec/gcc/xtensa-esp32-elf/8.4.0/lto-wrapper] ==> ignore
    arg [-plugin-opt=-fresolution=/var/folders/4m/611jh1c17vqckzxmy00tjpt80000gr/T//ccyf1U3Q.res] ==> ignore
    arg [-plugin-opt=-pass-through=-lgcc] ==> ignore
    arg [-plugin-opt=-pass-through=-lc] ==> ignore
    arg [-plugin-opt=-pass-through=-lnosys] ==> ignore
    arg [-plugin-opt=-pass-through=-lc] ==> ignore
    arg [-plugin-opt=-pass-through=-lgcc] ==> ignore
    arg [-o] ==> ignore
    arg [cmTC_adaeb] ==> ignore
    arg [/Users/ksdyb/.platformio/packages/toolchain-xtensa32/bin/../lib/gcc/xtensa-esp32-elf/8.4.0/../../../../xtensa-esp32-elf/lib/crt0.o] ==> ignore
    arg [/Users/ksdyb/.platformio/packages/toolchain-xtensa32/bin/../lib/gcc/xtensa-esp32-elf/8.4.0/crti.o] ==> ignore
    arg [/Users/ksdyb/.platformio/packages/toolchain-xtensa32/bin/../lib/gcc/xtensa-esp32-elf/8.4.0/crtbegin.o] ==> ignore
    arg [-L/Users/ksdyb/.platformio/packages/toolchain-xtensa32/bin/../lib/gcc/xtensa-esp32-elf/8.4.0] ==> dir [/Users/ksdyb/.platformio/packages/toolchain-xtensa32/bin/../lib/gcc/xtensa-esp32-elf/8.4.0]
    arg [-L/Users/ksdyb/.platformio/packages/toolchain-xtensa32/bin/../lib/gcc] ==> dir [/Users/ksdyb/.platformio/packages/toolchain-xtensa32/bin/../lib/gcc]
    arg [-L/Users/ksdyb/.platformio/packages/toolchain-xtensa32/bin/../lib/gcc/xtensa-esp32-elf/8.4.0/../../../../xtensa-esp32-elf/lib] ==> dir [/Users/ksdyb/.platformio/packages/toolchain-xtensa32/bin/../lib/gcc/xtensa-esp32-elf/8.4.0/../../../../xtensa-esp32-elf/lib]
    arg [CMakeFiles/cmTC_adaeb.dir/CMakeCXXCompilerABI.cpp.obj] ==> ignore
    arg [-lstdc++] ==> lib [stdc++]
    arg [-lm] ==> lib [m]
    arg [-lgcc] ==> lib [gcc]
    arg [-lc] ==> lib [c]
    arg [-lnosys] ==> lib [nosys]
    arg [-lc] ==> lib [c]
    arg [-lgcc] ==> lib [gcc]
    arg [/Users/ksdyb/.platformio/packages/toolchain-xtensa32/bin/../lib/gcc/xtensa-esp32-elf/8.4.0/crtend.o] ==> ignore
    arg [/Users/ksdyb/.platformio/packages/toolchain-xtensa32/bin/../lib/gcc/xtensa-esp32-elf/8.4.0/crtn.o] ==> ignore
  collapse library dir [/Users/ksdyb/.platformio/packages/toolchain-xtensa32/bin/../lib/gcc/xtensa-esp32-elf/8.4.0] ==> [/Users/ksdyb/.platformio/packages/toolchain-xtensa32/lib/gcc/xtensa-esp32-elf/8.4.0]
  collapse library dir [/Users/ksdyb/.platformio/packages/toolchain-xtensa32/bin/../lib/gcc] ==> [/Users/ksdyb/.platformio/packages/toolchain-xtensa32/lib/gcc]
  collapse library dir [/Users/ksdyb/.platformio/packages/toolchain-xtensa32/bin/../lib/gcc/xtensa-esp32-elf/8.4.0/../../../../xtensa-esp32-elf/lib] ==> [/Users/ksdyb/.platformio/packages/toolchain-xtensa32/xtensa-esp32-elf/lib]
  implicit libs: [stdc++;m;gcc;c;nosys;c;gcc]
  implicit dirs: [/Users/ksdyb/.platformio/packages/toolchain-xtensa32/lib/gcc/xtensa-esp32-elf/8.4.0;/Users/ksdyb/.platformio/packages/toolchain-xtensa32/lib/gcc;/Users/ksdyb/.platformio/packages/toolchain-xtensa32/xtensa-esp32-elf/lib]
  implicit fwks: []


